<?xml version="1.0" encoding="UTF-8"?>
<!-- Generated by org.testng.reporters.JUnitXMLReporter -->
<testsuite hostname="DESKTOP-ONH3S9L" ignored="0" name="Test" tests="1" failures="0" timestamp="2020-10-17T22:30:31 CDT" time="0.153" errors="0">
  <testcase name="@BeforeMethod login" time="-1.602991831707E9" classname="psWrapperTestLeafParameterDataPro.PSWrapperTestLeafParameterDataprovider">
    <failure type="org.testng.TestNGException" message="
Method login requires 3 parameters but 1 were supplied in the BeforeMethod annotation.">
      <![CDATA[org.testng.TestNGException: 
Method login requires 3 parameters but 1 were supplied in the BeforeMethod annotation.
at java.util.ArrayList.forEach(Unknown Source)
... Removed 28 stack frames]]>
    </failure>
  </testcase> <!-- @BeforeMethod login -->
  <testcase name="@AfterMethod closeBrowser" time="-1.602991831754E9" classname="psWrapperTestLeafParameterDataPro.PSWrapperTestLeafParameterDataprovider">
    <skipped/>
  </testcase> <!-- @AfterMethod closeBrowser -->
  <testcase name="createLead01" time="0.0" classname="WrapperTestLeafParaDataProvider.CreateLeadParaProvi">
    <skipped/>
  </testcase> <!-- createLead01 -->
</testsuite> <!-- Test -->
